android/app/build/intermediates/manifest_merge_blame_file/debug/processDebugMainManifest/manifest-merger-blame-debug-report.txt
1<?xml version="1.0" encoding="utf-8"?>
2<manifest xmlns:android="http://schemas.android.com/apk/res/android"
3    package="closeshop.dev"
4    android:versionCode="1"
5    android:versionName="1.0" >
6
7    <uses-sdk
8        android:minSdkVersion="23"
9        android:targetSdkVersion="36" />
10
11    <uses-permission android:name="android.permission.INTERNET" />
11-->src\main\AndroidManifest.xml:4:5-67
11-->src\main\AndroidManifest.xml:4:22-64
12    <uses-permission android:name="android.permission.ACCESS_COARSE_LOCATION" />
12-->src\main\AndroidManifest.xml:5:5-81
12-->src\main\AndroidManifest.xml:5:22-78
13    <uses-permission android:name="android.permission.ACCESS_FINE_LOCATION" />
13-->src\main\AndroidManifest.xml:6:5-79
13-->src\main\AndroidManifest.xml:6:22-76
14    <uses-permission android:name="android.permission.ACCESS_BACKGROUND_LOCATION" />
14-->src\main\AndroidManifest.xml:7:5-85
14-->src\main\AndroidManifest.xml:7:22-82
15    <uses-permission android:name="android.permission.POST_NOTIFICATIONS" />
15-->src\main\AndroidManifest.xml:8:5-77
15-->src\main\AndroidManifest.xml:8:22-74
16
17    <queries>
17-->[:capacitor-browser] AndroidManifest.xml:7:5-11:15
18        <intent>
18-->[:capacitor-browser] AndroidManifest.xml:8:9-10:18
19            <action android:name="android.support.customtabs.action.CustomTabsService" />
19-->[:capacitor-browser] AndroidManifest.xml:9:13-90
19-->[:capacitor-browser] AndroidManifest.xml:9:21-87
20        </intent>
21        <intent>
21-->[:capacitor-camera] AndroidManifest.xml:8:9-10:18
22            <action android:name="android.media.action.IMAGE_CAPTURE" />
22-->[:capacitor-camera] AndroidManifest.xml:9:13-73
22-->[:capacitor-camera] AndroidManifest.xml:9:21-70
23        </intent>
24    </queries>
25
26    <uses-permission android:name="android.permission.VIBRATE" />
26-->[:capacitor-haptics] AndroidManifest.xml:7:5-66
26-->[:capacitor-haptics] AndroidManifest.xml:7:22-63
27    <uses-permission android:name="android.permission.RECEIVE_BOOT_COMPLETED" />
27-->[:capacitor-local-notifications] AndroidManifest.xml:7:5-81
27-->[:capacitor-local-notifications] AndroidManifest.xml:7:22-78
28    <uses-permission android:name="android.permission.WAKE_LOCK" />
28-->[:capacitor-local-notifications] AndroidManifest.xml:8:5-68
28-->[:capacitor-local-notifications] AndroidManifest.xml:8:22-65
29    <uses-permission android:name="android.permission.ACCESS_NETWORK_STATE" />
29-->[:capacitor-network] AndroidManifest.xml:7:5-79
29-->[:capacitor-network] AndroidManifest.xml:7:22-76
30    <uses-permission android:name="android.permission.USE_BIOMETRIC" /> <!-- suppress DeprecatedClassUsageInspection -->
30-->[androidx.biometric:biometric:1.1.0] AndroidManifest.xml:24:5-72
30-->[androidx.biometric:biometric:1.1.0] AndroidManifest.xml:24:22-69
31    <uses-permission android:name="android.permission.USE_FINGERPRINT" /> <!-- Required by older versions of Google Play services to create IID tokens -->
31-->[androidx.biometric:biometric:1.1.0] AndroidManifest.xml:27:5-74
31-->[androidx.biometric:biometric:1.1.0] AndroidManifest.xml:27:22-71
32    <uses-permission android:name="com.google.android.c2dm.permission.RECEIVE" />
32-->[com.google.firebase:firebase-messaging:24.1.0] AndroidManifest.xml:26:5-82
32-->[com.google.firebase:firebase-messaging:24.1.0] AndroidManifest.xml:26:22-79
33
34    <permission
34-->[androidx.core:core:1.15.0] AndroidManifest.xml:22:5-24:47
35        android:name="closeshop.dev.DYNAMIC_RECEIVER_NOT_EXPORTED_PERMISSION"
35-->[androidx.core:core:1.15.0] AndroidManifest.xml:23:9-81
36        android:protectionLevel="signature" />
36-->[androidx.core:core:1.15.0] AndroidManifest.xml:24:9-44
37
38    <uses-permission android:name="closeshop.dev.DYNAMIC_RECEIVER_NOT_EXPORTED_PERMISSION" />
38-->[androidx.core:core:1.15.0] AndroidManifest.xml:26:5-97
38-->[androidx.core:core:1.15.0] AndroidManifest.xml:26:22-94
39
40    <application
40-->src\main\AndroidManifest.xml:10:5-76:19
41        android:allowBackup="true"
41-->src\main\AndroidManifest.xml:11:9-35
42        android:appComponentFactory="androidx.core.app.CoreComponentFactory"
42-->[androidx.core:core:1.15.0] AndroidManifest.xml:28:18-86
43        android:debuggable="true"
44        android:extractNativeLibs="false"
45        android:icon="@mipmap/closeshop"
45-->src\main\AndroidManifest.xml:12:9-41
46        android:label="@string/app_name"
46-->src\main\AndroidManifest.xml:13:9-41
47        android:roundIcon="@mipmap/closeshop_round"
47-->src\main\AndroidManifest.xml:14:9-52
48        android:supportsRtl="true"
48-->src\main\AndroidManifest.xml:15:9-35
49        android:theme="@style/AppTheme"
49-->src\main\AndroidManifest.xml:16:9-40
50        android:usesCleartextTraffic="true" >
50-->[:capacitor-cordova-android-plugins] AndroidManifest.xml:8:18-53
51        <meta-data
51-->src\main\AndroidManifest.xml:18:9-20:69
52            android:name="com.google.android.gms.version"
52-->src\main\AndroidManifest.xml:19:13-58
53            android:value="@integer/google_play_services_version" />
53-->src\main\AndroidManifest.xml:20:13-66
54
55        <!-- Google Sign-In configuration -->
56        <meta-data
56-->src\main\AndroidManifest.xml:23:9-25:64
57            android:name="com.google.android.gms.auth.api.signin.DEFAULT_SIGN_IN"
57-->src\main\AndroidManifest.xml:24:13-82
58            android:value="@string/google_android_client_id" />
58-->src\main\AndroidManifest.xml:25:13-61
59        <meta-data
59-->src\main\AndroidManifest.xml:27:9-29:65
60            android:name="com.google.firebase.messaging.default_notification_icon"
60-->src\main\AndroidManifest.xml:28:13-83
61            android:resource="@drawable/ic_push_notification" />
61-->src\main\AndroidManifest.xml:29:13-62
62        <meta-data
62-->src\main\AndroidManifest.xml:31:9-33:71
63            android:name="com.google.firebase.messaging.default_notification_channel_id"
63-->src\main\AndroidManifest.xml:32:13-89
64            android:value="@string/default_notification_channel_id" />
64-->src\main\AndroidManifest.xml:33:13-68
65
66        <activity
66-->src\main\AndroidManifest.xml:35:9-65:20
67            android:name="closeshop.dev.MainActivity"
67-->src\main\AndroidManifest.xml:37:13-41
68            android:configChanges="orientation|keyboardHidden|keyboard|screenSize|locale|smallestScreenSize|screenLayout|uiMode|navigation"
68-->src\main\AndroidManifest.xml:36:13-140
69            android:exported="true"
69-->src\main\AndroidManifest.xml:41:13-36
70            android:label="@string/title_activity_main"
70-->src\main\AndroidManifest.xml:38:13-56
71            android:launchMode="singleTask"
71-->src\main\AndroidManifest.xml:40:13-44
72            android:theme="@style/AppTheme.NoActionBarLaunch" >
72-->src\main\AndroidManifest.xml:39:13-62
73
74            <!-- Launcher intent -->
75            <intent-filter>
75-->src\main\AndroidManifest.xml:44:13-47:29
76                <action android:name="android.intent.action.MAIN" />
76-->src\main\AndroidManifest.xml:45:17-69
76-->src\main\AndroidManifest.xml:45:25-66
77
78                <category android:name="android.intent.category.LAUNCHER" />
78-->src\main\AndroidManifest.xml:46:17-77
78-->src\main\AndroidManifest.xml:46:27-74
79            </intent-filter>
80
81            <!-- For local development -->
82            <intent-filter>
82-->src\main\AndroidManifest.xml:50:13-55:29
83                <action android:name="android.intent.action.VIEW" />
83-->src\main\AndroidManifest.xml:51:17-69
83-->src\main\AndroidManifest.xml:51:25-66
84
85                <category android:name="android.intent.category.DEFAULT" />
85-->src\main\AndroidManifest.xml:52:17-76
85-->src\main\AndroidManifest.xml:52:27-73
86                <category android:name="android.intent.category.BROWSABLE" />
86-->src\main\AndroidManifest.xml:53:17-78
86-->src\main\AndroidManifest.xml:53:27-75
87
88                <data
88-->src\main\AndroidManifest.xml:54:17-92
89                    android:host="localhost"
89-->src\main\AndroidManifest.xml:54:45-69
90                    android:port="5173"
90-->src\main\AndroidManifest.xml:54:70-89
91                    android:scheme="http" />
91-->src\main\AndroidManifest.xml:54:23-44
92            </intent-filter>
93
94            <!-- OAuth Callback for Google Sign in -->
95            <intent-filter>
95-->src\main\AndroidManifest.xml:58:13-63:29
96                <action android:name="android.intent.action.VIEW" />
96-->src\main\AndroidManifest.xml:51:17-69
96-->src\main\AndroidManifest.xml:51:25-66
97
98                <category android:name="android.intent.category.DEFAULT" />
98-->src\main\AndroidManifest.xml:52:17-76
98-->src\main\AndroidManifest.xml:52:27-73
99                <category android:name="android.intent.category.BROWSABLE" />
99-->src\main\AndroidManifest.xml:53:17-78
99-->src\main\AndroidManifest.xml:53:27-75
100
101                <data android:scheme="com.googleusercontent.apps.618681645336-d1s591p0okdttm6m1pb2vjb2nukdsknl" />
101-->src\main\AndroidManifest.xml:54:17-92
101-->src\main\AndroidManifest.xml:54:23-44
102            </intent-filter>
103        </activity>
104
105        <provider
106            android:name="androidx.core.content.FileProvider"
106-->src\main\AndroidManifest.xml:68:13-62
107            android:authorities="closeshop.dev.fileprovider"
107-->src\main\AndroidManifest.xml:69:13-64
108            android:exported="false"
108-->src\main\AndroidManifest.xml:70:13-37
109            android:grantUriPermissions="true" >
109-->src\main\AndroidManifest.xml:71:13-47
110            <meta-data
110-->src\main\AndroidManifest.xml:72:13-74:54
111                android:name="android.support.FILE_PROVIDER_PATHS"
111-->src\main\AndroidManifest.xml:73:17-67
112                android:resource="@xml/file_paths" />
112-->src\main\AndroidManifest.xml:74:17-51
113        </provider>
114
115        <activity
115-->[:capacitor-browser] AndroidManifest.xml:14:9-18:75
116            android:name="com.capacitorjs.plugins.browser.BrowserControllerActivity"
116-->[:capacitor-browser] AndroidManifest.xml:15:13-85
117            android:exported="false"
117-->[:capacitor-browser] AndroidManifest.xml:16:13-37
118            android:launchMode="singleTask"
118-->[:capacitor-browser] AndroidManifest.xml:17:13-44
119            android:theme="@android:style/Theme.Translucent.NoTitleBar" />
119-->[:capacitor-browser] AndroidManifest.xml:18:13-72
120
121        <receiver android:name="com.capacitorjs.plugins.localnotifications.TimedNotificationPublisher" />
121-->[:capacitor-local-notifications] AndroidManifest.xml:12:9-106
121-->[:capacitor-local-notifications] AndroidManifest.xml:12:19-103
122        <receiver android:name="com.capacitorjs.plugins.localnotifications.NotificationDismissReceiver" />
122-->[:capacitor-local-notifications] AndroidManifest.xml:13:9-107
122-->[:capacitor-local-notifications] AndroidManifest.xml:13:19-104
123        <receiver
123-->[:capacitor-local-notifications] AndroidManifest.xml:14:9-23:20
124            android:name="com.capacitorjs.plugins.localnotifications.LocalNotificationRestoreReceiver"
124-->[:capacitor-local-notifications] AndroidManifest.xml:15:13-103
125            android:directBootAware="true"
125-->[:capacitor-local-notifications] AndroidManifest.xml:16:13-43
126            android:exported="false" >
126-->[:capacitor-local-notifications] AndroidManifest.xml:17:13-37
127            <intent-filter>
127-->[:capacitor-local-notifications] AndroidManifest.xml:18:13-22:29
128                <action android:name="android.intent.action.LOCKED_BOOT_COMPLETED" />
128-->[:capacitor-local-notifications] AndroidManifest.xml:19:17-86
128-->[:capacitor-local-notifications] AndroidManifest.xml:19:25-83
129                <action android:name="android.intent.action.BOOT_COMPLETED" />
129-->[:capacitor-local-notifications] AndroidManifest.xml:20:17-79
129-->[:capacitor-local-notifications] AndroidManifest.xml:20:25-76
130                <action android:name="android.intent.action.QUICKBOOT_POWERON" />
130-->[:capacitor-local-notifications] AndroidManifest.xml:21:17-82
130-->[:capacitor-local-notifications] AndroidManifest.xml:21:25-79
131            </intent-filter>
132        </receiver>
133
134        <service
134-->[:capacitor-push-notifications] AndroidManifest.xml:8:9-14:19
135            android:name="com.capacitorjs.plugins.pushnotifications.MessagingService"
135-->[:capacitor-push-notifications] AndroidManifest.xml:9:13-86
136            android:exported="false" >
136-->[:capacitor-push-notifications] AndroidManifest.xml:10:13-37
137            <intent-filter>
137-->[:capacitor-push-notifications] AndroidManifest.xml:11:13-13:29
138                <action android:name="com.google.firebase.MESSAGING_EVENT" />
138-->[:capacitor-push-notifications] AndroidManifest.xml:12:17-78
138-->[:capacitor-push-notifications] AndroidManifest.xml:12:25-75
139            </intent-filter>
140        </service>
141        <service
141-->[androidx.credentials:credentials-play-services-auth:1.5.0] AndroidManifest.xml:24:9-32:19
142            android:name="androidx.credentials.playservices.CredentialProviderMetadataHolder"
142-->[androidx.credentials:credentials-play-services-auth:1.5.0] AndroidManifest.xml:25:13-94
143            android:enabled="true"
143-->[androidx.credentials:credentials-play-services-auth:1.5.0] AndroidManifest.xml:26:13-35
144            android:exported="false" >
144-->[androidx.credentials:credentials-play-services-auth:1.5.0] AndroidManifest.xml:27:13-37
145            <meta-data
145-->[androidx.credentials:credentials-play-services-auth:1.5.0] AndroidManifest.xml:29:13-31:104
146                android:name="androidx.credentials.CREDENTIAL_PROVIDER_KEY"
146-->[androidx.credentials:credentials-play-services-auth:1.5.0] AndroidManifest.xml:30:17-76
147                android:value="androidx.credentials.playservices.CredentialProviderPlayServicesImpl" />
147-->[androidx.credentials:credentials-play-services-auth:1.5.0] AndroidManifest.xml:31:17-101
148        </service>
149
150        <activity
150-->[androidx.credentials:credentials-play-services-auth:1.5.0] AndroidManifest.xml:34:9-41:20
151            android:name="androidx.credentials.playservices.HiddenActivity"
151-->[androidx.credentials:credentials-play-services-auth:1.5.0] AndroidManifest.xml:35:13-76
152            android:configChanges="orientation|screenSize|screenLayout|keyboardHidden"
152-->[androidx.credentials:credentials-play-services-auth:1.5.0] AndroidManifest.xml:36:13-87
153            android:enabled="true"
153-->[androidx.credentials:credentials-play-services-auth:1.5.0] AndroidManifest.xml:37:13-35
154            android:exported="false"
154-->[androidx.credentials:credentials-play-services-auth:1.5.0] AndroidManifest.xml:38:13-37
155            android:fitsSystemWindows="true"
155-->[androidx.credentials:credentials-play-services-auth:1.5.0] AndroidManifest.xml:39:13-45
156            android:theme="@style/Theme.Hidden" >
156-->[androidx.credentials:credentials-play-services-auth:1.5.0] AndroidManifest.xml:40:13-48
157        </activity>
158        <activity
158-->[androidx.credentials:credentials-play-services-auth:1.5.0] AndroidManifest.xml:42:9-49:20
159            android:name="androidx.credentials.playservices.IdentityCredentialApiHiddenActivity"
159-->[androidx.credentials:credentials-play-services-auth:1.5.0] AndroidManifest.xml:43:13-97
160            android:configChanges="orientation|screenSize|screenLayout|keyboardHidden"
160-->[androidx.credentials:credentials-play-services-auth:1.5.0] AndroidManifest.xml:44:13-87
161            android:enabled="true"
161-->[androidx.credentials:credentials-play-services-auth:1.5.0] AndroidManifest.xml:45:13-35
162            android:exported="false"
162-->[androidx.credentials:credentials-play-services-auth:1.5.0] AndroidManifest.xml:46:13-37
163            android:fitsSystemWindows="true"
163-->[androidx.credentials:credentials-play-services-auth:1.5.0] AndroidManifest.xml:47:13-45
164            android:theme="@style/Theme.Hidden" >
164-->[androidx.credentials:credentials-play-services-auth:1.5.0] AndroidManifest.xml:48:13-48
165        </activity>
166        <activity
166-->[com.google.android.gms:play-services-auth:21.1.1] AndroidManifest.xml:23:9-27:75
167            android:name="com.google.android.gms.auth.api.signin.internal.SignInHubActivity"
167-->[com.google.android.gms:play-services-auth:21.1.1] AndroidManifest.xml:24:13-93
168            android:excludeFromRecents="true"
168-->[com.google.android.gms:play-services-auth:21.1.1] AndroidManifest.xml:25:13-46
169            android:exported="false"
169-->[com.google.android.gms:play-services-auth:21.1.1] AndroidManifest.xml:26:13-37
170            android:theme="@android:style/Theme.Translucent.NoTitleBar" />
170-->[com.google.android.gms:play-services-auth:21.1.1] AndroidManifest.xml:27:13-72
171        <!--
172            Service handling Google Sign-In user revocation. For apps that do not integrate with
173            Google Sign-In, this service will never be started.
174        -->
175        <service
175-->[com.google.android.gms:play-services-auth:21.1.1] AndroidManifest.xml:33:9-37:51
176            android:name="com.google.android.gms.auth.api.signin.RevocationBoundService"
176-->[com.google.android.gms:play-services-auth:21.1.1] AndroidManifest.xml:34:13-89
177            android:exported="true"
177-->[com.google.android.gms:play-services-auth:21.1.1] AndroidManifest.xml:35:13-36
178            android:permission="com.google.android.gms.auth.api.signin.permission.REVOCATION_NOTIFICATION"
178-->[com.google.android.gms:play-services-auth:21.1.1] AndroidManifest.xml:36:13-107
179            android:visibleToInstantApps="true" />
179-->[com.google.android.gms:play-services-auth:21.1.1] AndroidManifest.xml:37:13-48
180
181        <receiver
181-->[com.google.firebase:firebase-messaging:24.1.0] AndroidManifest.xml:29:9-40:20
182            android:name="com.google.firebase.iid.FirebaseInstanceIdReceiver"
182-->[com.google.firebase:firebase-messaging:24.1.0] AndroidManifest.xml:30:13-78
183            android:exported="true"
183-->[com.google.firebase:firebase-messaging:24.1.0] AndroidManifest.xml:31:13-36
184            android:permission="com.google.android.c2dm.permission.SEND" >
184-->[com.google.firebase:firebase-messaging:24.1.0] AndroidManifest.xml:32:13-73
185            <intent-filter>
185-->[com.google.firebase:firebase-messaging:24.1.0] AndroidManifest.xml:33:13-35:29
186                <action android:name="com.google.android.c2dm.intent.RECEIVE" />
186-->[com.google.firebase:firebase-messaging:24.1.0] AndroidManifest.xml:34:17-81
186-->[com.google.firebase:firebase-messaging:24.1.0] AndroidManifest.xml:34:25-78
187            </intent-filter>
188
189            <meta-data
189-->[com.google.firebase:firebase-messaging:24.1.0] AndroidManifest.xml:37:13-39:40
190                android:name="com.google.android.gms.cloudmessaging.FINISHED_AFTER_HANDLED"
190-->[com.google.firebase:firebase-messaging:24.1.0] AndroidManifest.xml:38:17-92
191                android:value="true" />
191-->[com.google.firebase:firebase-messaging:24.1.0] AndroidManifest.xml:39:17-37
192        </receiver>
193        <!--
194             FirebaseMessagingService performs security checks at runtime,
195             but set to not exported to explicitly avoid allowing another app to call it.
196        -->
197        <service
197-->[com.google.firebase:firebase-messaging:24.1.0] AndroidManifest.xml:46:9-53:19
198            android:name="com.google.firebase.messaging.FirebaseMessagingService"
198-->[com.google.firebase:firebase-messaging:24.1.0] AndroidManifest.xml:47:13-82
199            android:directBootAware="true"
199-->[com.google.firebase:firebase-messaging:24.1.0] AndroidManifest.xml:48:13-43
200            android:exported="false" >
200-->[com.google.firebase:firebase-messaging:24.1.0] AndroidManifest.xml:49:13-37
201            <intent-filter android:priority="-500" >
201-->[:capacitor-push-notifications] AndroidManifest.xml:11:13-13:29
202                <action android:name="com.google.firebase.MESSAGING_EVENT" />
202-->[:capacitor-push-notifications] AndroidManifest.xml:12:17-78
202-->[:capacitor-push-notifications] AndroidManifest.xml:12:25-75
203            </intent-filter>
204        </service>
205        <service
205-->[com.google.firebase:firebase-messaging:24.1.0] AndroidManifest.xml:54:9-63:19
206            android:name="com.google.firebase.components.ComponentDiscoveryService"
206-->[com.google.firebase:firebase-messaging:24.1.0] AndroidManifest.xml:55:13-84
207            android:directBootAware="true"
207-->[com.google.firebase:firebase-common:21.0.0] AndroidManifest.xml:32:13-43
208            android:exported="false" >
208-->[com.google.firebase:firebase-messaging:24.1.0] AndroidManifest.xml:56:13-37
209            <meta-data
209-->[com.google.firebase:firebase-messaging:24.1.0] AndroidManifest.xml:57:13-59:85
210                android:name="com.google.firebase.components:com.google.firebase.messaging.FirebaseMessagingKtxRegistrar"
210-->[com.google.firebase:firebase-messaging:24.1.0] AndroidManifest.xml:58:17-122
211                android:value="com.google.firebase.components.ComponentRegistrar" />
211-->[com.google.firebase:firebase-messaging:24.1.0] AndroidManifest.xml:59:17-82
212            <meta-data
212-->[com.google.firebase:firebase-messaging:24.1.0] AndroidManifest.xml:60:13-62:85
213                android:name="com.google.firebase.components:com.google.firebase.messaging.FirebaseMessagingRegistrar"
213-->[com.google.firebase:firebase-messaging:24.1.0] AndroidManifest.xml:61:17-119
214                android:value="com.google.firebase.components.ComponentRegistrar" />
214-->[com.google.firebase:firebase-messaging:24.1.0] AndroidManifest.xml:62:17-82
215            <meta-data
215-->[com.google.firebase:firebase-installations:18.0.0] AndroidManifest.xml:15:13-17:85
216                android:name="com.google.firebase.components:com.google.firebase.installations.FirebaseInstallationsKtxRegistrar"
216-->[com.google.firebase:firebase-installations:18.0.0] AndroidManifest.xml:16:17-130
217                android:value="com.google.firebase.components.ComponentRegistrar" />
217-->[com.google.firebase:firebase-installations:18.0.0] AndroidManifest.xml:17:17-82
218            <meta-data
218-->[com.google.firebase:firebase-installations:18.0.0] AndroidManifest.xml:18:13-20:85
219                android:name="com.google.firebase.components:com.google.firebase.installations.FirebaseInstallationsRegistrar"
219-->[com.google.firebase:firebase-installations:18.0.0] AndroidManifest.xml:19:17-127
220                android:value="com.google.firebase.components.ComponentRegistrar" />
220-->[com.google.firebase:firebase-installations:18.0.0] AndroidManifest.xml:20:17-82
221            <meta-data
221-->[com.google.firebase:firebase-common-ktx:21.0.0] AndroidManifest.xml:12:13-14:85
222                android:name="com.google.firebase.components:com.google.firebase.ktx.FirebaseCommonLegacyRegistrar"
222-->[com.google.firebase:firebase-common-ktx:21.0.0] AndroidManifest.xml:13:17-116
223                android:value="com.google.firebase.components.ComponentRegistrar" />
223-->[com.google.firebase:firebase-common-ktx:21.0.0] AndroidManifest.xml:14:17-82
224            <meta-data
224-->[com.google.firebase:firebase-common:21.0.0] AndroidManifest.xml:35:13-37:85
225                android:name="com.google.firebase.components:com.google.firebase.FirebaseCommonKtxRegistrar"
225-->[com.google.firebase:firebase-common:21.0.0] AndroidManifest.xml:36:17-109
226                android:value="com.google.firebase.components.ComponentRegistrar" />
226-->[com.google.firebase:firebase-common:21.0.0] AndroidManifest.xml:37:17-82
227            <meta-data
227-->[com.google.firebase:firebase-datatransport:18.2.0] AndroidManifest.xml:25:13-27:85
228                android:name="com.google.firebase.components:com.google.firebase.datatransport.TransportRegistrar"
228-->[com.google.firebase:firebase-datatransport:18.2.0] AndroidManifest.xml:26:17-115
229                android:value="com.google.firebase.components.ComponentRegistrar" />
229-->[com.google.firebase:firebase-datatransport:18.2.0] AndroidManifest.xml:27:17-82
230        </service>
231
232        <provider
232-->[com.google.firebase:firebase-common:21.0.0] AndroidManifest.xml:23:9-28:39
233            android:name="com.google.firebase.provider.FirebaseInitProvider"
233-->[com.google.firebase:firebase-common:21.0.0] AndroidManifest.xml:24:13-77
234            android:authorities="closeshop.dev.firebaseinitprovider"
234-->[com.google.firebase:firebase-common:21.0.0] AndroidManifest.xml:25:13-72
235            android:directBootAware="true"
235-->[com.google.firebase:firebase-common:21.0.0] AndroidManifest.xml:26:13-43
236            android:exported="false"
236-->[com.google.firebase:firebase-common:21.0.0] AndroidManifest.xml:27:13-37
237            android:initOrder="100" />
237-->[com.google.firebase:firebase-common:21.0.0] AndroidManifest.xml:28:13-36
238
239        <service
239-->[com.google.android.datatransport:transport-backend-cct:3.1.9] AndroidManifest.xml:28:9-34:19
240            android:name="com.google.android.datatransport.runtime.backends.TransportBackendDiscovery"
240-->[com.google.android.datatransport:transport-backend-cct:3.1.9] AndroidManifest.xml:29:13-103
241            android:exported="false" >
241-->[com.google.android.datatransport:transport-backend-cct:3.1.9] AndroidManifest.xml:30:13-37
242            <meta-data
242-->[com.google.android.datatransport:transport-backend-cct:3.1.9] AndroidManifest.xml:31:13-33:39
243                android:name="backend:com.google.android.datatransport.cct.CctBackendFactory"
243-->[com.google.android.datatransport:transport-backend-cct:3.1.9] AndroidManifest.xml:32:17-94
244                android:value="cct" />
244-->[com.google.android.datatransport:transport-backend-cct:3.1.9] AndroidManifest.xml:33:17-36
245        </service>
246        <service
246-->[com.google.android.datatransport:transport-runtime:3.1.9] AndroidManifest.xml:26:9-30:19
247            android:name="com.google.android.datatransport.runtime.scheduling.jobscheduling.JobInfoSchedulerService"
247-->[com.google.android.datatransport:transport-runtime:3.1.9] AndroidManifest.xml:27:13-117
248            android:exported="false"
248-->[com.google.android.datatransport:transport-runtime:3.1.9] AndroidManifest.xml:28:13-37
249            android:permission="android.permission.BIND_JOB_SERVICE" >
249-->[com.google.android.datatransport:transport-runtime:3.1.9] AndroidManifest.xml:29:13-69
250        </service>
251
252        <receiver
252-->[com.google.android.datatransport:transport-runtime:3.1.9] AndroidManifest.xml:32:9-34:40
253            android:name="com.google.android.datatransport.runtime.scheduling.jobscheduling.AlarmManagerSchedulerBroadcastReceiver"
253-->[com.google.android.datatransport:transport-runtime:3.1.9] AndroidManifest.xml:33:13-132
254            android:exported="false" />
254-->[com.google.android.datatransport:transport-runtime:3.1.9] AndroidManifest.xml:34:13-37
255
256        <activity
256-->[com.google.android.gms:play-services-base:18.5.0] AndroidManifest.xml:5:9-173
257            android:name="com.google.android.gms.common.api.GoogleApiActivity"
257-->[com.google.android.gms:play-services-base:18.5.0] AndroidManifest.xml:5:19-85
258            android:exported="false"
258-->[com.google.android.gms:play-services-base:18.5.0] AndroidManifest.xml:5:146-170
259            android:theme="@android:style/Theme.Translucent.NoTitleBar" />
259-->[com.google.android.gms:play-services-base:18.5.0] AndroidManifest.xml:5:86-145
260
261        <provider
261-->[androidx.emoji2:emoji2:1.3.0] AndroidManifest.xml:24:9-32:20
262            android:name="androidx.startup.InitializationProvider"
262-->[androidx.emoji2:emoji2:1.3.0] AndroidManifest.xml:25:13-67
263            android:authorities="closeshop.dev.androidx-startup"
263-->[androidx.emoji2:emoji2:1.3.0] AndroidManifest.xml:26:13-68
264            android:exported="false" >
264-->[androidx.emoji2:emoji2:1.3.0] AndroidManifest.xml:27:13-37
265            <meta-data
265-->[androidx.emoji2:emoji2:1.3.0] AndroidManifest.xml:29:13-31:52
266                android:name="androidx.emoji2.text.EmojiCompatInitializer"
266-->[androidx.emoji2:emoji2:1.3.0] AndroidManifest.xml:30:17-75
267                android:value="androidx.startup" />
267-->[androidx.emoji2:emoji2:1.3.0] AndroidManifest.xml:31:17-49
268            <meta-data
268-->[androidx.lifecycle:lifecycle-process:2.6.2] AndroidManifest.xml:29:13-31:52
269                android:name="androidx.lifecycle.ProcessLifecycleInitializer"
269-->[androidx.lifecycle:lifecycle-process:2.6.2] AndroidManifest.xml:30:17-78
270                android:value="androidx.startup" />
270-->[androidx.lifecycle:lifecycle-process:2.6.2] AndroidManifest.xml:31:17-49
271            <meta-data
271-->[androidx.profileinstaller:profileinstaller:1.3.1] AndroidManifest.xml:29:13-31:52
272                android:name="androidx.profileinstaller.ProfileInstallerInitializer"
272-->[androidx.profileinstaller:profileinstaller:1.3.1] AndroidManifest.xml:30:17-85
273                android:value="androidx.startup" />
273-->[androidx.profileinstaller:profileinstaller:1.3.1] AndroidManifest.xml:31:17-49
274        </provider>
275
276        <receiver
276-->[androidx.profileinstaller:profileinstaller:1.3.1] AndroidManifest.xml:34:9-52:20
277            android:name="androidx.profileinstaller.ProfileInstallReceiver"
277-->[androidx.profileinstaller:profileinstaller:1.3.1] AndroidManifest.xml:35:13-76
278            android:directBootAware="false"
278-->[androidx.profileinstaller:profileinstaller:1.3.1] AndroidManifest.xml:36:13-44